<?xml version="1.0" encoding="UTF-8"?>
<testsuite xmlns:xsi="http://www.w3.org/2001/XMLSchema-instance" xsi:noNamespaceSchemaLocation="https://maven.apache.org/surefire/maven-surefire-plugin/xsd/surefire-test-report.xsd" version="3.0.2" name="com.equinor.fiberoptics.das.producer.variants.simulatorboxunit.SimulatorBoxUnitTest" time="2.293" tests="1" errors="0" skipped="0" failures="0">
  <properties>
    <property name="java.specification.version" value="21"/>
    <property name="sun.cpu.isalist" value="amd64"/>
    <property name="sun.jnu.encoding" value="Cp1252"/>
    <property name="java.class.path" value="C:\Users\ebrah\Downloads\fiber-optics-project-main\fiberoptics-das-simulator-main\simulator-box-unit\target\test-classes;C:\Users\ebrah\Downloads\fiber-optics-project-main\fiberoptics-das-simulator-main\simulator-box-unit\target\classes;C:\Users\ebrah\Downloads\fiber-optics-project-main\fiberoptics-das-simulator-main\simulator-common\target\simulator-common-2.0.12-SNAPSHOT.jar;C:\Users\ebrah\.m2\repository\io\projectreactor\reactor-core\3.7.4\reactor-core-3.7.4.jar;C:\Users\ebrah\.m2\repository\org\reactivestreams\reactive-streams\1.0.4\reactive-streams-1.0.4.jar;C:\Users\ebrah\.m2\repository\fiberoptics\das\public-schemas\2.0.3\public-schemas-2.0.3.jar;C:\Users\ebrah\.m2\repository\io\confluent\kafka-avro-serializer\7.8.0\kafka-avro-serializer-7.8.0.jar;C:\Users\ebrah\.m2\repository\org\apache\avro\avro\1.11.4\avro-1.11.4.jar;C:\Users\ebrah\.m2\repository\com\fasterxml\jackson\core\jackson-core\2.18.3\jackson-core-2.18.3.jar;C:\Users\ebrah\.m2\repository\com\fasterxml\jackson\core\jackson-databind\2.18.3\jackson-databind-2.18.3.jar;C:\Users\ebrah\.m2\repository\com\fasterxml\jackson\core\jackson-annotations\2.18.3\jackson-annotations-2.18.3.jar;C:\Users\ebrah\.m2\repository\org\slf4j\slf4j-api\2.0.17\slf4j-api-2.0.17.jar;C:\Users\ebrah\.m2\repository\org\apache\commons\commons-compress\1.26.1\commons-compress-1.26.1.jar;C:\Users\ebrah\.m2\repository\commons-codec\commons-codec\1.17.2\commons-codec-1.17.2.jar;C:\Users\ebrah\.m2\repository\commons-io\commons-io\2.15.1\commons-io-2.15.1.jar;C:\Users\ebrah\.m2\repository\org\apache\commons\commons-lang3\3.17.0\commons-lang3-3.17.0.jar;C:\Users\ebrah\.m2\repository\io\confluent\kafka-schema-serializer\7.8.0\kafka-schema-serializer-7.8.0.jar;C:\Users\ebrah\.m2\repository\com\fasterxml\jackson\dataformat\jackson-dataformat-csv\2.18.3\jackson-dataformat-csv-2.18.3.jar;C:\Users\ebrah\.m2\repository\io\confluent\kafka-schema-registry-client\7.8.0\kafka-schema-registry-client-7.8.0.jar;C:\Users\ebrah\.m2\repository\org\yaml\snakeyaml\2.3\snakeyaml-2.3.jar;C:\Users\ebrah\.m2\repository\org\apache\kafka\kafka-clients\3.8.1\kafka-clients-3.8.1.jar;C:\Users\ebrah\.m2\repository\com\github\luben\zstd-jni\1.5.6-4\zstd-jni-1.5.6-4.jar;C:\Users\ebrah\.m2\repository\org\lz4\lz4-java\1.8.0\lz4-java-1.8.0.jar;C:\Users\ebrah\.m2\repository\org\xerial\snappy\snappy-java\1.1.10.5\snappy-java-1.1.10.5.jar;C:\Users\ebrah\.m2\repository\io\swagger\core\v3\swagger-annotations\2.1.10\swagger-annotations-2.1.10.jar;C:\Users\ebrah\.m2\repository\com\google\guava\guava\32.0.1-jre\guava-32.0.1-jre.jar;C:\Users\ebrah\.m2\repository\com\google\guava\failureaccess\1.0.1\failureaccess-1.0.1.jar;C:\Users\ebrah\.m2\repository\com\google\guava\listenablefuture\9999.0-empty-to-avoid-conflict-with-guava\listenablefuture-9999.0-empty-to-avoid-conflict-with-guava.jar;C:\Users\ebrah\.m2\repository\com\google\code\findbugs\jsr305\3.0.2\jsr305-3.0.2.jar;C:\Users\ebrah\.m2\repository\org\checkerframework\checker-qual\3.33.0\checker-qual-3.33.0.jar;C:\Users\ebrah\.m2\repository\com\google\errorprone\error_prone_annotations\2.18.0\error_prone_annotations-2.18.0.jar;C:\Users\ebrah\.m2\repository\com\google\j2objc\j2objc-annotations\2.8\j2objc-annotations-2.8.jar;C:\Users\ebrah\.m2\repository\io\confluent\logredactor\1.0.12\logredactor-1.0.12.jar;C:\Users\ebrah\.m2\repository\com\google\re2j\re2j\1.6\re2j-1.6.jar;C:\Users\ebrah\.m2\repository\io\confluent\logredactor-metrics\1.0.12\logredactor-metrics-1.0.12.jar;C:\Users\ebrah\.m2\repository\com\eclipsesource\minimal-json\minimal-json\0.9.5\minimal-json-0.9.5.jar;C:\Users\ebrah\.m2\repository\io\confluent\common-utils\7.8.0\common-utils-7.8.0.jar;C:\Users\ebrah\.m2\repository\org\springframework\spring-context\6.2.5\spring-context-6.2.5.jar;C:\Users\ebrah\.m2\repository\org\springframework\spring-aop\6.2.5\spring-aop-6.2.5.jar;C:\Users\ebrah\.m2\repository\org\springframework\spring-beans\6.2.5\spring-beans-6.2.5.jar;C:\Users\ebrah\.m2\repository\org\springframework\spring-core\6.2.5\spring-core-6.2.5.jar;C:\Users\ebrah\.m2\repository\org\springframework\spring-jcl\6.2.5\spring-jcl-6.2.5.jar;C:\Users\ebrah\.m2\repository\org\springframework\spring-expression\6.2.5\spring-expression-6.2.5.jar;C:\Users\ebrah\.m2\repository\io\micrometer\micrometer-observation\1.14.5\micrometer-observation-1.14.5.jar;C:\Users\ebrah\.m2\repository\io\micrometer\micrometer-commons\1.14.5\micrometer-commons-1.14.5.jar;C:\Users\ebrah\.m2\repository\org\springframework\integration\spring-integration-feed\6.4.3\spring-integration-feed-6.4.3.jar;C:\Users\ebrah\.m2\repository\org\springframework\integration\spring-integration-core\6.4.3\spring-integration-core-6.4.3.jar;C:\Users\ebrah\.m2\repository\org\springframework\spring-messaging\6.2.5\spring-messaging-6.2.5.jar;C:\Users\ebrah\.m2\repository\org\springframework\spring-tx\6.2.5\spring-tx-6.2.5.jar;C:\Users\ebrah\.m2\repository\org\springframework\retry\spring-retry\2.0.11\spring-retry-2.0.11.jar;C:\Users\ebrah\.m2\repository\com\rometools\rome\2.1.0\rome-2.1.0.jar;C:\Users\ebrah\.m2\repository\com\rometools\rome-utils\2.1.0\rome-utils-2.1.0.jar;C:\Users\ebrah\.m2\repository\org\jdom\jdom2\2.0.6.1\jdom2-2.0.6.1.jar;C:\Users\ebrah\.m2\repository\org\springframework\cloud\spring-cloud-starter-stream-kafka\4.2.1\spring-cloud-starter-stream-kafka-4.2.1.jar;C:\Users\ebrah\.m2\repository\org\springframework\cloud\spring-cloud-stream-binder-kafka\4.2.1\spring-cloud-stream-binder-kafka-4.2.1.jar;C:\Users\ebrah\.m2\repository\org\springframework\cloud\spring-cloud-stream-binder-kafka-core\4.2.1\spring-cloud-stream-binder-kafka-core-4.2.1.jar;C:\Users\ebrah\.m2\repository\org\springframework\integration\spring-integration-kafka\6.4.3\spring-integration-kafka-6.4.3.jar;C:\Users\ebrah\.m2\repository\org\springframework\cloud\spring-cloud-stream\4.2.1\spring-cloud-stream-4.2.1.jar;C:\Users\ebrah\.m2\repository\org\springframework\boot\spring-boot-starter-validation\3.4.4\spring-boot-starter-validation-3.4.4.jar;C:\Users\ebrah\.m2\repository\org\apache\tomcat\embed\tomcat-embed-el\10.1.39\tomcat-embed-el-10.1.39.jar;C:\Users\ebrah\.m2\repository\org\hibernate\validator\hibernate-validator\8.0.2.Final\hibernate-validator-8.0.2.Final.jar;C:\Users\ebrah\.m2\repository\jakarta\validation\jakarta.validation-api\3.0.2\jakarta.validation-api-3.0.2.jar;C:\Users\ebrah\.m2\repository\org\jboss\logging\jboss-logging\3.6.1.Final\jboss-logging-3.6.1.Final.jar;C:\Users\ebrah\.m2\repository\com\fasterxml\classmate\1.7.0\classmate-1.7.0.jar;C:\Users\ebrah\.m2\repository\org\springframework\integration\spring-integration-jmx\6.4.3\spring-integration-jmx-6.4.3.jar;C:\Users\ebrah\.m2\repository\org\springframework\cloud\spring-cloud-function-context\4.2.2\spring-cloud-function-context-4.2.2.jar;C:\Users\ebrah\.m2\repository\org\springframework\cloud\spring-cloud-function-core\4.2.2\spring-cloud-function-core-4.2.2.jar;C:\Users\ebrah\.m2\repository\com\fasterxml\jackson\datatype\jackson-datatype-jsr310\2.18.3\jackson-datatype-jsr310-2.18.3.jar;C:\Users\ebrah\.m2\repository\com\fasterxml\jackson\datatype\jackson-datatype-joda\2.18.3\jackson-datatype-joda-2.18.3.jar;C:\Users\ebrah\.m2\repository\joda-time\joda-time\2.12.7\joda-time-2.12.7.jar;C:\Users\ebrah\.m2\repository\org\springframework\kafka\spring-kafka\3.3.4\spring-kafka-3.3.4.jar;C:\Users\ebrah\.m2\repository\org\springframework\boot\spring-boot-configuration-processor\3.4.4\spring-boot-configuration-processor-3.4.4.jar;C:\Users\ebrah\.m2\repository\org\projectlombok\lombok\1.18.36\lombok-1.18.36.jar;C:\Users\ebrah\.m2\repository\org\springframework\boot\spring-boot-starter-test\3.4.4\spring-boot-starter-test-3.4.4.jar;C:\Users\ebrah\.m2\repository\org\springframework\boot\spring-boot-starter\3.4.4\spring-boot-starter-3.4.4.jar;C:\Users\ebrah\.m2\repository\org\springframework\boot\spring-boot\3.4.4\spring-boot-3.4.4.jar;C:\Users\ebrah\.m2\repository\org\springframework\boot\spring-boot-autoconfigure\3.4.4\spring-boot-autoconfigure-3.4.4.jar;C:\Users\ebrah\.m2\repository\org\springframework\boot\spring-boot-starter-logging\3.4.4\spring-boot-starter-logging-3.4.4.jar;C:\Users\ebrah\.m2\repository\ch\qos\logback\logback-classic\1.5.18\logback-classic-1.5.18.jar;C:\Users\ebrah\.m2\repository\ch\qos\logback\logback-core\1.5.18\logback-core-1.5.18.jar;C:\Users\ebrah\.m2\repository\org\apache\logging\log4j\log4j-to-slf4j\2.24.3\log4j-to-slf4j-2.24.3.jar;C:\Users\ebrah\.m2\repository\org\apache\logging\log4j\log4j-api\2.24.3\log4j-api-2.24.3.jar;C:\Users\ebrah\.m2\repository\org\slf4j\jul-to-slf4j\2.0.17\jul-to-slf4j-2.0.17.jar;C:\Users\ebrah\.m2\repository\jakarta\annotation\jakarta.annotation-api\2.1.1\jakarta.annotation-api-2.1.1.jar;C:\Users\ebrah\.m2\repository\org\springframework\boot\spring-boot-test\3.4.4\spring-boot-test-3.4.4.jar;C:\Users\ebrah\.m2\repository\org\springframework\boot\spring-boot-test-autoconfigure\3.4.4\spring-boot-test-autoconfigure-3.4.4.jar;C:\Users\ebrah\.m2\repository\com\jayway\jsonpath\json-path\2.9.0\json-path-2.9.0.jar;C:\Users\ebrah\.m2\repository\jakarta\xml\bind\jakarta.xml.bind-api\4.0.2\jakarta.xml.bind-api-4.0.2.jar;C:\Users\ebrah\.m2\repository\jakarta\activation\jakarta.activation-api\2.1.3\jakarta.activation-api-2.1.3.jar;C:\Users\ebrah\.m2\repository\net\minidev\json-smart\2.5.2\json-smart-2.5.2.jar;C:\Users\ebrah\.m2\repository\net\minidev\accessors-smart\2.5.2\accessors-smart-2.5.2.jar;C:\Users\ebrah\.m2\repository\org\ow2\asm\asm\9.7.1\asm-9.7.1.jar;C:\Users\ebrah\.m2\repository\org\assertj\assertj-core\3.26.3\assertj-core-3.26.3.jar;C:\Users\ebrah\.m2\repository\net\bytebuddy\byte-buddy\1.15.11\byte-buddy-1.15.11.jar;C:\Users\ebrah\.m2\repository\org\awaitility\awaitility\4.2.2\awaitility-4.2.2.jar;C:\Users\ebrah\.m2\repository\org\hamcrest\hamcrest\2.2\hamcrest-2.2.jar;C:\Users\ebrah\.m2\repository\org\junit\jupiter\junit-jupiter\5.11.4\junit-jupiter-5.11.4.jar;C:\Users\ebrah\.m2\repository\org\junit\jupiter\junit-jupiter-api\5.11.4\junit-jupiter-api-5.11.4.jar;C:\Users\ebrah\.m2\repository\org\opentest4j\opentest4j\1.3.0\opentest4j-1.3.0.jar;C:\Users\ebrah\.m2\repository\org\junit\platform\junit-platform-commons\1.11.4\junit-platform-commons-1.11.4.jar;C:\Users\ebrah\.m2\repository\org\apiguardian\apiguardian-api\1.1.2\apiguardian-api-1.1.2.jar;C:\Users\ebrah\.m2\repository\org\junit\jupiter\junit-jupiter-params\5.11.4\junit-jupiter-params-5.11.4.jar;C:\Users\ebrah\.m2\repository\org\junit\jupiter\junit-jupiter-engine\5.11.4\junit-jupiter-engine-5.11.4.jar;C:\Users\ebrah\.m2\repository\org\junit\platform\junit-platform-engine\1.11.4\junit-platform-engine-1.11.4.jar;C:\Users\ebrah\.m2\repository\org\mockito\mockito-core\5.14.2\mockito-core-5.14.2.jar;C:\Users\ebrah\.m2\repository\net\bytebuddy\byte-buddy-agent\1.15.11\byte-buddy-agent-1.15.11.jar;C:\Users\ebrah\.m2\repository\org\objenesis\objenesis\3.3\objenesis-3.3.jar;C:\Users\ebrah\.m2\repository\org\mockito\mockito-junit-jupiter\5.14.2\mockito-junit-jupiter-5.14.2.jar;C:\Users\ebrah\.m2\repository\org\skyscreamer\jsonassert\1.5.3\jsonassert-1.5.3.jar;C:\Users\ebrah\.m2\repository\com\vaadin\external\google\android-json\0.0.20131108.vaadin1\android-json-0.0.20131108.vaadin1.jar;C:\Users\ebrah\.m2\repository\org\springframework\spring-test\6.2.5\spring-test-6.2.5.jar;C:\Users\ebrah\.m2\repository\org\xmlunit\xmlunit-core\2.10.0\xmlunit-core-2.10.0.jar;"/>
    <property name="java.vm.vendor" value="Eclipse Adoptium"/>
    <property name="sun.arch.data.model" value="64"/>
    <property name="user.variant" value=""/>
    <property name="java.vendor.url" value="https://adoptium.net/"/>
    <property name="user.timezone" value="Asia/Dubai"/>
    <property name="org.jboss.logging.provider" value="slf4j"/>
    <property name="os.name" value="Windows 10"/>
    <property name="java.vm.specification.version" value="21"/>
    <property name="sun.java.launcher" value="SUN_STANDARD"/>
    <property name="user.country" value="AE"/>
    <property name="sun.boot.library.path" value="C:\Program Files\Eclipse Adoptium\jdk-21.0.7.6-hotspot\bin"/>
    <property name="sun.java.command" value="C:\Users\ebrah\AppData\Local\Temp\surefire12199272418555121087\surefirebooter-20250618194742162_7.jar C:\Users\ebrah\AppData\Local\Temp\surefire12199272418555121087 2025-06-18T19-44-24_984-jvmRun1 surefire-20250618194742162_5tmp surefire_1-20250618194742162_6tmp"/>
    <property name="jdk.debug" value="release"/>
    <property name="surefire.test.class.path" value="C:\Users\ebrah\Downloads\fiber-optics-project-main\fiberoptics-das-simulator-main\simulator-box-unit\target\test-classes;C:\Users\ebrah\Downloads\fiber-optics-project-main\fiberoptics-das-simulator-main\simulator-box-unit\target\classes;C:\Users\ebrah\Downloads\fiber-optics-project-main\fiberoptics-das-simulator-main\simulator-common\target\simulator-common-2.0.12-SNAPSHOT.jar;C:\Users\ebrah\.m2\repository\io\projectreactor\reactor-core\3.7.4\reactor-core-3.7.4.jar;C:\Users\ebrah\.m2\repository\org\reactivestreams\reactive-streams\1.0.4\reactive-streams-1.0.4.jar;C:\Users\ebrah\.m2\repository\fiberoptics\das\public-schemas\2.0.3\public-schemas-2.0.3.jar;C:\Users\ebrah\.m2\repository\io\confluent\kafka-avro-serializer\7.8.0\kafka-avro-serializer-7.8.0.jar;C:\Users\ebrah\.m2\repository\org\apache\avro\avro\1.11.4\avro-1.11.4.jar;C:\Users\ebrah\.m2\repository\com\fasterxml\jackson\core\jackson-core\2.18.3\jackson-core-2.18.3.jar;C:\Users\ebrah\.m2\repository\com\fasterxml\jackson\core\jackson-databind\2.18.3\jackson-databind-2.18.3.jar;C:\Users\ebrah\.m2\repository\com\fasterxml\jackson\core\jackson-annotations\2.18.3\jackson-annotations-2.18.3.jar;C:\Users\ebrah\.m2\repository\org\slf4j\slf4j-api\2.0.17\slf4j-api-2.0.17.jar;C:\Users\ebrah\.m2\repository\org\apache\commons\commons-compress\1.26.1\commons-compress-1.26.1.jar;C:\Users\ebrah\.m2\repository\commons-codec\commons-codec\1.17.2\commons-codec-1.17.2.jar;C:\Users\ebrah\.m2\repository\commons-io\commons-io\2.15.1\commons-io-2.15.1.jar;C:\Users\ebrah\.m2\repository\org\apache\commons\commons-lang3\3.17.0\commons-lang3-3.17.0.jar;C:\Users\ebrah\.m2\repository\io\confluent\kafka-schema-serializer\7.8.0\kafka-schema-serializer-7.8.0.jar;C:\Users\ebrah\.m2\repository\com\fasterxml\jackson\dataformat\jackson-dataformat-csv\2.18.3\jackson-dataformat-csv-2.18.3.jar;C:\Users\ebrah\.m2\repository\io\confluent\kafka-schema-registry-client\7.8.0\kafka-schema-registry-client-7.8.0.jar;C:\Users\ebrah\.m2\repository\org\yaml\snakeyaml\2.3\snakeyaml-2.3.jar;C:\Users\ebrah\.m2\repository\org\apache\kafka\kafka-clients\3.8.1\kafka-clients-3.8.1.jar;C:\Users\ebrah\.m2\repository\com\github\luben\zstd-jni\1.5.6-4\zstd-jni-1.5.6-4.jar;C:\Users\ebrah\.m2\repository\org\lz4\lz4-java\1.8.0\lz4-java-1.8.0.jar;C:\Users\ebrah\.m2\repository\org\xerial\snappy\snappy-java\1.1.10.5\snappy-java-1.1.10.5.jar;C:\Users\ebrah\.m2\repository\io\swagger\core\v3\swagger-annotations\2.1.10\swagger-annotations-2.1.10.jar;C:\Users\ebrah\.m2\repository\com\google\guava\guava\32.0.1-jre\guava-32.0.1-jre.jar;C:\Users\ebrah\.m2\repository\com\google\guava\failureaccess\1.0.1\failureaccess-1.0.1.jar;C:\Users\ebrah\.m2\repository\com\google\guava\listenablefuture\9999.0-empty-to-avoid-conflict-with-guava\listenablefuture-9999.0-empty-to-avoid-conflict-with-guava.jar;C:\Users\ebrah\.m2\repository\com\google\code\findbugs\jsr305\3.0.2\jsr305-3.0.2.jar;C:\Users\ebrah\.m2\repository\org\checkerframework\checker-qual\3.33.0\checker-qual-3.33.0.jar;C:\Users\ebrah\.m2\repository\com\google\errorprone\error_prone_annotations\2.18.0\error_prone_annotations-2.18.0.jar;C:\Users\ebrah\.m2\repository\com\google\j2objc\j2objc-annotations\2.8\j2objc-annotations-2.8.jar;C:\Users\ebrah\.m2\repository\io\confluent\logredactor\1.0.12\logredactor-1.0.12.jar;C:\Users\ebrah\.m2\repository\com\google\re2j\re2j\1.6\re2j-1.6.jar;C:\Users\ebrah\.m2\repository\io\confluent\logredactor-metrics\1.0.12\logredactor-metrics-1.0.12.jar;C:\Users\ebrah\.m2\repository\com\eclipsesource\minimal-json\minimal-json\0.9.5\minimal-json-0.9.5.jar;C:\Users\ebrah\.m2\repository\io\confluent\common-utils\7.8.0\common-utils-7.8.0.jar;C:\Users\ebrah\.m2\repository\org\springframework\spring-context\6.2.5\spring-context-6.2.5.jar;C:\Users\ebrah\.m2\repository\org\springframework\spring-aop\6.2.5\spring-aop-6.2.5.jar;C:\Users\ebrah\.m2\repository\org\springframework\spring-beans\6.2.5\spring-beans-6.2.5.jar;C:\Users\ebrah\.m2\repository\org\springframework\spring-core\6.2.5\spring-core-6.2.5.jar;C:\Users\ebrah\.m2\repository\org\springframework\spring-jcl\6.2.5\spring-jcl-6.2.5.jar;C:\Users\ebrah\.m2\repository\org\springframework\spring-expression\6.2.5\spring-expression-6.2.5.jar;C:\Users\ebrah\.m2\repository\io\micrometer\micrometer-observation\1.14.5\micrometer-observation-1.14.5.jar;C:\Users\ebrah\.m2\repository\io\micrometer\micrometer-commons\1.14.5\micrometer-commons-1.14.5.jar;C:\Users\ebrah\.m2\repository\org\springframework\integration\spring-integration-feed\6.4.3\spring-integration-feed-6.4.3.jar;C:\Users\ebrah\.m2\repository\org\springframework\integration\spring-integration-core\6.4.3\spring-integration-core-6.4.3.jar;C:\Users\ebrah\.m2\repository\org\springframework\spring-messaging\6.2.5\spring-messaging-6.2.5.jar;C:\Users\ebrah\.m2\repository\org\springframework\spring-tx\6.2.5\spring-tx-6.2.5.jar;C:\Users\ebrah\.m2\repository\org\springframework\retry\spring-retry\2.0.11\spring-retry-2.0.11.jar;C:\Users\ebrah\.m2\repository\com\rometools\rome\2.1.0\rome-2.1.0.jar;C:\Users\ebrah\.m2\repository\com\rometools\rome-utils\2.1.0\rome-utils-2.1.0.jar;C:\Users\ebrah\.m2\repository\org\jdom\jdom2\2.0.6.1\jdom2-2.0.6.1.jar;C:\Users\ebrah\.m2\repository\org\springframework\cloud\spring-cloud-starter-stream-kafka\4.2.1\spring-cloud-starter-stream-kafka-4.2.1.jar;C:\Users\ebrah\.m2\repository\org\springframework\cloud\spring-cloud-stream-binder-kafka\4.2.1\spring-cloud-stream-binder-kafka-4.2.1.jar;C:\Users\ebrah\.m2\repository\org\springframework\cloud\spring-cloud-stream-binder-kafka-core\4.2.1\spring-cloud-stream-binder-kafka-core-4.2.1.jar;C:\Users\ebrah\.m2\repository\org\springframework\integration\spring-integration-kafka\6.4.3\spring-integration-kafka-6.4.3.jar;C:\Users\ebrah\.m2\repository\org\springframework\cloud\spring-cloud-stream\4.2.1\spring-cloud-stream-4.2.1.jar;C:\Users\ebrah\.m2\repository\org\springframework\boot\spring-boot-starter-validation\3.4.4\spring-boot-starter-validation-3.4.4.jar;C:\Users\ebrah\.m2\repository\org\apache\tomcat\embed\tomcat-embed-el\10.1.39\tomcat-embed-el-10.1.39.jar;C:\Users\ebrah\.m2\repository\org\hibernate\validator\hibernate-validator\8.0.2.Final\hibernate-validator-8.0.2.Final.jar;C:\Users\ebrah\.m2\repository\jakarta\validation\jakarta.validation-api\3.0.2\jakarta.validation-api-3.0.2.jar;C:\Users\ebrah\.m2\repository\org\jboss\logging\jboss-logging\3.6.1.Final\jboss-logging-3.6.1.Final.jar;C:\Users\ebrah\.m2\repository\com\fasterxml\classmate\1.7.0\classmate-1.7.0.jar;C:\Users\ebrah\.m2\repository\org\springframework\integration\spring-integration-jmx\6.4.3\spring-integration-jmx-6.4.3.jar;C:\Users\ebrah\.m2\repository\org\springframework\cloud\spring-cloud-function-context\4.2.2\spring-cloud-function-context-4.2.2.jar;C:\Users\ebrah\.m2\repository\org\springframework\cloud\spring-cloud-function-core\4.2.2\spring-cloud-function-core-4.2.2.jar;C:\Users\ebrah\.m2\repository\com\fasterxml\jackson\datatype\jackson-datatype-jsr310\2.18.3\jackson-datatype-jsr310-2.18.3.jar;C:\Users\ebrah\.m2\repository\com\fasterxml\jackson\datatype\jackson-datatype-joda\2.18.3\jackson-datatype-joda-2.18.3.jar;C:\Users\ebrah\.m2\repository\joda-time\joda-time\2.12.7\joda-time-2.12.7.jar;C:\Users\ebrah\.m2\repository\org\springframework\kafka\spring-kafka\3.3.4\spring-kafka-3.3.4.jar;C:\Users\ebrah\.m2\repository\org\springframework\boot\spring-boot-configuration-processor\3.4.4\spring-boot-configuration-processor-3.4.4.jar;C:\Users\ebrah\.m2\repository\org\projectlombok\lombok\1.18.36\lombok-1.18.36.jar;C:\Users\ebrah\.m2\repository\org\springframework\boot\spring-boot-starter-test\3.4.4\spring-boot-starter-test-3.4.4.jar;C:\Users\ebrah\.m2\repository\org\springframework\boot\spring-boot-starter\3.4.4\spring-boot-starter-3.4.4.jar;C:\Users\ebrah\.m2\repository\org\springframework\boot\spring-boot\3.4.4\spring-boot-3.4.4.jar;C:\Users\ebrah\.m2\repository\org\springframework\boot\spring-boot-autoconfigure\3.4.4\spring-boot-autoconfigure-3.4.4.jar;C:\Users\ebrah\.m2\repository\org\springframework\boot\spring-boot-starter-logging\3.4.4\spring-boot-starter-logging-3.4.4.jar;C:\Users\ebrah\.m2\repository\ch\qos\logback\logback-classic\1.5.18\logback-classic-1.5.18.jar;C:\Users\ebrah\.m2\repository\ch\qos\logback\logback-core\1.5.18\logback-core-1.5.18.jar;C:\Users\ebrah\.m2\repository\org\apache\logging\log4j\log4j-to-slf4j\2.24.3\log4j-to-slf4j-2.24.3.jar;C:\Users\ebrah\.m2\repository\org\apache\logging\log4j\log4j-api\2.24.3\log4j-api-2.24.3.jar;C:\Users\ebrah\.m2\repository\org\slf4j\jul-to-slf4j\2.0.17\jul-to-slf4j-2.0.17.jar;C:\Users\ebrah\.m2\repository\jakarta\annotation\jakarta.annotation-api\2.1.1\jakarta.annotation-api-2.1.1.jar;C:\Users\ebrah\.m2\repository\org\springframework\boot\spring-boot-test\3.4.4\spring-boot-test-3.4.4.jar;C:\Users\ebrah\.m2\repository\org\springframework\boot\spring-boot-test-autoconfigure\3.4.4\spring-boot-test-autoconfigure-3.4.4.jar;C:\Users\ebrah\.m2\repository\com\jayway\jsonpath\json-path\2.9.0\json-path-2.9.0.jar;C:\Users\ebrah\.m2\repository\jakarta\xml\bind\jakarta.xml.bind-api\4.0.2\jakarta.xml.bind-api-4.0.2.jar;C:\Users\ebrah\.m2\repository\jakarta\activation\jakarta.activation-api\2.1.3\jakarta.activation-api-2.1.3.jar;C:\Users\ebrah\.m2\repository\net\minidev\json-smart\2.5.2\json-smart-2.5.2.jar;C:\Users\ebrah\.m2\repository\net\minidev\accessors-smart\2.5.2\accessors-smart-2.5.2.jar;C:\Users\ebrah\.m2\repository\org\ow2\asm\asm\9.7.1\asm-9.7.1.jar;C:\Users\ebrah\.m2\repository\org\assertj\assertj-core\3.26.3\assertj-core-3.26.3.jar;C:\Users\ebrah\.m2\repository\net\bytebuddy\byte-buddy\1.15.11\byte-buddy-1.15.11.jar;C:\Users\ebrah\.m2\repository\org\awaitility\awaitility\4.2.2\awaitility-4.2.2.jar;C:\Users\ebrah\.m2\repository\org\hamcrest\hamcrest\2.2\hamcrest-2.2.jar;C:\Users\ebrah\.m2\repository\org\junit\jupiter\junit-jupiter\5.11.4\junit-jupiter-5.11.4.jar;C:\Users\ebrah\.m2\repository\org\junit\jupiter\junit-jupiter-api\5.11.4\junit-jupiter-api-5.11.4.jar;C:\Users\ebrah\.m2\repository\org\opentest4j\opentest4j\1.3.0\opentest4j-1.3.0.jar;C:\Users\ebrah\.m2\repository\org\junit\platform\junit-platform-commons\1.11.4\junit-platform-commons-1.11.4.jar;C:\Users\ebrah\.m2\repository\org\apiguardian\apiguardian-api\1.1.2\apiguardian-api-1.1.2.jar;C:\Users\ebrah\.m2\repository\org\junit\jupiter\junit-jupiter-params\5.11.4\junit-jupiter-params-5.11.4.jar;C:\Users\ebrah\.m2\repository\org\junit\jupiter\junit-jupiter-engine\5.11.4\junit-jupiter-engine-5.11.4.jar;C:\Users\ebrah\.m2\repository\org\junit\platform\junit-platform-engine\1.11.4\junit-platform-engine-1.11.4.jar;C:\Users\ebrah\.m2\repository\org\mockito\mockito-core\5.14.2\mockito-core-5.14.2.jar;C:\Users\ebrah\.m2\repository\net\bytebuddy\byte-buddy-agent\1.15.11\byte-buddy-agent-1.15.11.jar;C:\Users\ebrah\.m2\repository\org\objenesis\objenesis\3.3\objenesis-3.3.jar;C:\Users\ebrah\.m2\repository\org\mockito\mockito-junit-jupiter\5.14.2\mockito-junit-jupiter-5.14.2.jar;C:\Users\ebrah\.m2\repository\org\skyscreamer\jsonassert\1.5.3\jsonassert-1.5.3.jar;C:\Users\ebrah\.m2\repository\com\vaadin\external\google\android-json\0.0.20131108.vaadin1\android-json-0.0.20131108.vaadin1.jar;C:\Users\ebrah\.m2\repository\org\springframework\spring-test\6.2.5\spring-test-6.2.5.jar;C:\Users\ebrah\.m2\repository\org\xmlunit\xmlunit-core\2.10.0\xmlunit-core-2.10.0.jar;"/>
    <property name="sun.cpu.endian" value="little"/>
    <property name="user.home" value="C:\Users\ebrah"/>
    <property name="user.language" value="en"/>
    <property name="java.specification.vendor" value="Oracle Corporation"/>
    <property name="java.version.date" value="2025-04-15"/>
    <property name="java.home" value="C:\Program Files\Eclipse Adoptium\jdk-21.0.7.6-hotspot"/>
    <property name="file.separator" value="\"/>
    <property name="basedir" value="C:\Users\ebrah\Downloads\fiber-optics-project-main\fiberoptics-das-simulator-main\simulator-box-unit"/>
    <property name="java.vm.compressedOopsMode" value="Zero based"/>
    <property name="line.separator" value="&#10;"/>
    <property name="java.vm.specification.vendor" value="Oracle Corporation"/>
    <property name="java.specification.name" value="Java Platform API Specification"/>
    <property name="FILE_LOG_CHARSET" value="UTF-8"/>
    <property name="java.awt.headless" value="true"/>
    <property name="surefire.real.class.path" value="C:\Users\ebrah\AppData\Local\Temp\surefire12199272418555121087\surefirebooter-20250618194742162_7.jar"/>
    <property name="user.script" value=""/>
    <property name="sun.management.compiler" value="HotSpot 64-Bit Tiered Compilers"/>
    <property name="java.runtime.version" value="21.0.7+6-LTS"/>
    <property name="user.name" value="ebrah"/>
    <property name="stdout.encoding" value="Cp1252"/>
    <property name="path.separator" value=";"/>
    <property name="os.version" value="10.0"/>
    <property name="java.runtime.name" value="OpenJDK Runtime Environment"/>
    <property name="file.encoding" value="UTF-8"/>
    <property name="java.vm.name" value="OpenJDK 64-Bit Server VM"/>
    <property name="java.vendor.version" value="Temurin-21.0.7+6"/>
    <property name="localRepository" value="C:\Users\ebrah\.m2\repository"/>
    <property name="java.vendor.url.bug" value="https://github.com/adoptium/adoptium-support/issues"/>
    <property name="java.io.tmpdir" value="C:\Users\ebrah\AppData\Local\Temp\"/>
    <property name="java.version" value="21.0.7"/>
    <property name="user.dir" value="C:\Users\ebrah\Downloads\fiber-optics-project-main\fiberoptics-das-simulator-main\simulator-box-unit"/>
    <property name="os.arch" value="amd64"/>
    <property name="java.vm.specification.name" value="Java Virtual Machine Specification"/>
    <property name="PID" value="17936"/>
    <property name="sun.os.patch.level" value=""/>
    <property name="CONSOLE_LOG_CHARSET" value="UTF-8"/>
    <property name="native.encoding" value="Cp1252"/>
    <property name="java.library.path" value="C:\Program Files\Eclipse Adoptium\jdk-21.0.7.6-hotspot\bin;C:\WINDOWS\Sun\Java\bin;C:\WINDOWS\system32;C:\WINDOWS;C:\Program Files\Eclipse Adoptium\jdk-21.0.7.6-hotspot\bin;C:\Program Files\Common Files\Oracle\Java\javapath;C:\Program Files (x86)\Intel\Intel(R) Management Engine Components\iCLS\;C:\Program Files\Intel\Intel(R) Management Engine Components\iCLS\;C:\Windows\system32;C:\Windows;C:\Windows\System32\Wbem;C:\Windows\System32\WindowsPowerShell\v1.0\;C:\Windows\System32\OpenSSH\;C:\Program Files (x86)\Intel\Intel(R) Management Engine Components\DAL;C:\Program Files\Intel\Intel(R) Management Engine Components\DAL;C:\Program Files (x86)\Intel\Intel(R) Management Engine Components\IPT;C:\Program Files\Intel\Intel(R) Management Engine Components\IPT;C:\Program Files (x86)\NVIDIA Corporation\PhysX\Common;C:\Program Files\Intel\WiFi\bin\;C:\Program Files\Common Files\Intel\WirelessCommon\;C:\WINDOWS\system32;C:\WINDOWS;C:\WINDOWS\System32\Wbem;C:\WINDOWS\System32\WindowsPowerShell\v1.0\;C:\WINDOWS\System32\OpenSSH\;C:\Program Files\nodejs\;C:\Program Files\dotnet\;C:\Program Files\MATLAB\R2024b\bin;C:\Program Files\Docker\Docker\resources\bin;C:\Users\ebrah\AppData\Local\Programs\Python\Python313\Scripts\;C:\Users\ebrah\AppData\Local\Programs\Python\Python313\;C:\Users\ebrah\AppData\Local\Microsoft\WindowsApps;C:\Users\ebrah\AppData\Local\Programs\Microsoft VS Code\bin;."/>
    <property name="java.vm.info" value="mixed mode, sharing"/>
    <property name="stderr.encoding" value="Cp1252"/>
    <property name="java.vendor" value="Eclipse Adoptium"/>
    <property name="java.vm.version" value="21.0.7+6-LTS"/>
    <property name="sun.io.unicode.encoding" value="UnicodeLittle"/>
    <property name="java.class.version" value="65.0"/>
  </properties>
  <testcase name="testStreamFromSimulatorBox" classname="com.equinor.fiberoptics.das.producer.variants.simulatorboxunit.SimulatorBoxUnitTest" time="1.154">
    <system-out><![CDATA[
  .   ____          _            __ _ _
 /\\ / ___'_ __ _ _(_)_ __  __ _ \ \ \ \
( ( )\___ | '_ | '_| | '_ \/ _` | \ \ \ \
 \\/  ___)| |_)| | | | | || (_| |  ) ) ) )
  '  |____| .__|_| |_|_| |_\__, | / / / /
 =========|_|==============|___/=/_/_/_/

 :: Spring Boot ::                (v3.4.4)

2025-06-18T19:47:43.672+04:00  INFO 17936 --- [           main] c.e.f.d.p.v.s.SimulatorBoxUnitTest       : Starting SimulatorBoxUnitTest using Java 21.0.7 with PID 17936 (started by ebrah in C:\Users\ebrah\Downloads\fiber-optics-project-main\fiberoptics-das-simulator-main\simulator-box-unit)
2025-06-18T19:47:43.675+04:00  INFO 17936 --- [           main] c.e.f.d.p.v.s.SimulatorBoxUnitTest       : The following 1 profile is active: "test"
2025-06-18T19:47:43.902+04:00  INFO 17936 --- [           main] c.e.f.d.p.v.PackageStepCalculator        : Package step calculator initialized for start: 2025-06-18T15:47:43.902Z, maximumFrequency, 5000.0, amplitudesPrPackage:8192, loci: 3
2025-06-18T19:47:43.923+04:00  INFO 17936 --- [           main] c.e.f.d.p.v.s.SimulatorBoxUnitTest       : Started SimulatorBoxUnitTest in 0.741 seconds (process running for 1.697)
2025-06-18T19:47:44.736+04:00  INFO 17936 --- [           main] c.e.f.d.p.v.s.RandomDataCache            : Pre-populating 100 long buffer values.
2025-06-18T19:47:44.767+04:00  INFO 17936 --- [           main] c.e.f.d.p.v.s.RandomDataCache            : Done.
2025-06-18T19:47:44.768+04:00  INFO 17936 --- [           main] c.e.f.d.p.v.s.SimulatorBoxUnit           : Starting to produce 10 data
2025-06-18T19:47:45.075+04:00  INFO 17936 --- [     parallel-1] c.e.f.d.p.v.s.SimulatorBoxUnit           : Time difference: 354 ms
2025-06-18T19:47:45.075+04:00  INFO 17936 --- [     parallel-1] c.e.f.d.p.v.s.SimulatorBoxUnitTest       : Locus 0 with 2025-06-18T19:47:43.902 has 8192 long based amplitudes
2025-06-18T19:47:45.075+04:00  INFO 17936 --- [     parallel-1] c.e.f.d.p.v.s.SimulatorBoxUnitTest       : Locus 1 with 2025-06-18T19:47:43.902 has 8192 long based amplitudes
2025-06-18T19:47:45.075+04:00  INFO 17936 --- [     parallel-1] c.e.f.d.p.v.s.SimulatorBoxUnitTest       : Locus 2 with 2025-06-18T19:47:43.902 has 8192 long based amplitudes
2025-06-18T19:47:45.076+04:00  INFO 17936 --- [     parallel-1] c.e.f.d.p.v.s.SimulatorBoxUnit           : Time difference: -464 ms
2025-06-18T19:47:45.076+04:00  INFO 17936 --- [     parallel-1] c.e.f.d.p.v.s.SimulatorBoxUnitTest       : Locus 0 with 2025-06-18T19:47:44.721 has 8192 long based amplitudes
2025-06-18T19:47:45.076+04:00  INFO 17936 --- [     parallel-1] c.e.f.d.p.v.s.SimulatorBoxUnitTest       : Locus 1 with 2025-06-18T19:47:44.721 has 8192 long based amplitudes
2025-06-18T19:47:45.076+04:00  INFO 17936 --- [     parallel-1] c.e.f.d.p.v.s.SimulatorBoxUnitTest       : Locus 2 with 2025-06-18T19:47:44.721 has 8192 long based amplitudes
2025-06-18T19:47:45.076+04:00  INFO 17936 --- [     parallel-1] c.e.f.d.p.v.s.SimulatorBoxUnit           : Time difference: -1283 ms
2025-06-18T19:47:45.076+04:00  INFO 17936 --- [     parallel-1] c.e.f.d.p.v.s.SimulatorBoxUnitTest       : Locus 0 with 2025-06-18T19:47:45.540 has 8192 long based amplitudes
2025-06-18T19:47:45.077+04:00  INFO 17936 --- [     parallel-1] c.e.f.d.p.v.s.SimulatorBoxUnitTest       : Locus 1 with 2025-06-18T19:47:45.540 has 8192 long based amplitudes
2025-06-18T19:47:45.077+04:00  INFO 17936 --- [     parallel-1] c.e.f.d.p.v.s.SimulatorBoxUnitTest       : Locus 2 with 2025-06-18T19:47:45.540 has 8192 long based amplitudes
2025-06-18T19:47:45.077+04:00  INFO 17936 --- [     parallel-1] c.e.f.d.p.v.s.SimulatorBoxUnit           : Time difference: -2101 ms
2025-06-18T19:47:45.077+04:00  INFO 17936 --- [     parallel-1] c.e.f.d.p.v.s.SimulatorBoxUnitTest       : Locus 0 with 2025-06-18T19:47:46.359 has 8192 long based amplitudes
2025-06-18T19:47:45.077+04:00  INFO 17936 --- [     parallel-1] c.e.f.d.p.v.s.SimulatorBoxUnitTest       : Locus 1 with 2025-06-18T19:47:46.359 has 8192 long based amplitudes
2025-06-18T19:47:45.077+04:00  INFO 17936 --- [     parallel-1] c.e.f.d.p.v.s.SimulatorBoxUnitTest       : Locus 2 with 2025-06-18T19:47:46.359 has 8192 long based amplitudes
2025-06-18T19:47:45.077+04:00  INFO 17936 --- [     parallel-1] c.e.f.d.p.v.s.SimulatorBoxUnit           : Time difference: -2921 ms
2025-06-18T19:47:45.077+04:00  INFO 17936 --- [     parallel-1] c.e.f.d.p.v.s.SimulatorBoxUnitTest       : Locus 0 with 2025-06-18T19:47:47.178 has 8192 long based amplitudes
2025-06-18T19:47:45.077+04:00  INFO 17936 --- [     parallel-1] c.e.f.d.p.v.s.SimulatorBoxUnitTest       : Locus 1 with 2025-06-18T19:47:47.178 has 8192 long based amplitudes
2025-06-18T19:47:45.077+04:00  INFO 17936 --- [     parallel-1] c.e.f.d.p.v.s.SimulatorBoxUnitTest       : Locus 2 with 2025-06-18T19:47:47.178 has 8192 long based amplitudes
2025-06-18T19:47:45.077+04:00  INFO 17936 --- [     parallel-1] c.e.f.d.p.v.s.SimulatorBoxUnit           : Time difference: -3740 ms
2025-06-18T19:47:45.077+04:00  INFO 17936 --- [     parallel-1] c.e.f.d.p.v.s.SimulatorBoxUnitTest       : Locus 0 with 2025-06-18T19:47:47.998 has 8192 long based amplitudes
2025-06-18T19:47:45.078+04:00  INFO 17936 --- [     parallel-1] c.e.f.d.p.v.s.SimulatorBoxUnitTest       : Locus 1 with 2025-06-18T19:47:47.998 has 8192 long based amplitudes
2025-06-18T19:47:45.078+04:00  INFO 17936 --- [     parallel-1] c.e.f.d.p.v.s.SimulatorBoxUnitTest       : Locus 2 with 2025-06-18T19:47:47.998 has 8192 long based amplitudes
2025-06-18T19:47:45.078+04:00  INFO 17936 --- [     parallel-1] c.e.f.d.p.v.s.SimulatorBoxUnit           : Time difference: -4558 ms
2025-06-18T19:47:45.078+04:00  INFO 17936 --- [     parallel-1] c.e.f.d.p.v.s.SimulatorBoxUnitTest       : Locus 0 with 2025-06-18T19:47:48.817 has 8192 long based amplitudes
2025-06-18T19:47:45.078+04:00  INFO 17936 --- [     parallel-1] c.e.f.d.p.v.s.SimulatorBoxUnitTest       : Locus 1 with 2025-06-18T19:47:48.817 has 8192 long based amplitudes
2025-06-18T19:47:45.078+04:00  INFO 17936 --- [     parallel-1] c.e.f.d.p.v.s.SimulatorBoxUnitTest       : Locus 2 with 2025-06-18T19:47:48.817 has 8192 long based amplitudes
2025-06-18T19:47:45.078+04:00  INFO 17936 --- [     parallel-1] c.e.f.d.p.v.s.SimulatorBoxUnit           : Time difference: -5377 ms
2025-06-18T19:47:45.078+04:00  INFO 17936 --- [     parallel-1] c.e.f.d.p.v.s.SimulatorBoxUnitTest       : Locus 0 with 2025-06-18T19:47:49.636 has 8192 long based amplitudes
2025-06-18T19:47:45.078+04:00  INFO 17936 --- [     parallel-1] c.e.f.d.p.v.s.SimulatorBoxUnitTest       : Locus 1 with 2025-06-18T19:47:49.636 has 8192 long based amplitudes
2025-06-18T19:47:45.078+04:00  INFO 17936 --- [     parallel-1] c.e.f.d.p.v.s.SimulatorBoxUnitTest       : Locus 2 with 2025-06-18T19:47:49.636 has 8192 long based amplitudes
2025-06-18T19:47:45.079+04:00  INFO 17936 --- [     parallel-1] c.e.f.d.p.v.s.SimulatorBoxUnit           : Time difference: -6195 ms
2025-06-18T19:47:45.079+04:00  INFO 17936 --- [     parallel-1] c.e.f.d.p.v.s.SimulatorBoxUnitTest       : Locus 0 with 2025-06-18T19:47:50.455 has 8192 long based amplitudes
2025-06-18T19:47:45.079+04:00  INFO 17936 --- [     parallel-1] c.e.f.d.p.v.s.SimulatorBoxUnitTest       : Locus 1 with 2025-06-18T19:47:50.455 has 8192 long based amplitudes
2025-06-18T19:47:45.079+04:00  INFO 17936 --- [     parallel-1] c.e.f.d.p.v.s.SimulatorBoxUnitTest       : Locus 2 with 2025-06-18T19:47:50.455 has 8192 long based amplitudes
2025-06-18T19:47:45.079+04:00  INFO 17936 --- [     parallel-1] c.e.f.d.p.v.s.SimulatorBoxUnit           : Time difference: -7015 ms
2025-06-18T19:47:45.079+04:00  INFO 17936 --- [     parallel-1] c.e.f.d.p.v.s.SimulatorBoxUnitTest       : Locus 0 with 2025-06-18T19:47:51.274 has 8192 long based amplitudes
2025-06-18T19:47:45.079+04:00  INFO 17936 --- [     parallel-1] c.e.f.d.p.v.s.SimulatorBoxUnitTest       : Locus 1 with 2025-06-18T19:47:51.274 has 8192 long based amplitudes
2025-06-18T19:47:45.079+04:00  INFO 17936 --- [     parallel-1] c.e.f.d.p.v.s.SimulatorBoxUnitTest       : Locus 2 with 2025-06-18T19:47:51.274 has 8192 long based amplitudes
]]></system-out>
    <system-err><![CDATA[Mockito is currently self-attaching to enable the inline-mock-maker. This will no longer work in future releases of the JDK. Please add Mockito as an agent to your build what is described in Mockito's documentation: https://javadoc.io/doc/org.mockito/mockito-core/latest/org/mockito/Mockito.html#0.3
WARNING: A Java agent has been loaded dynamically (C:\Users\ebrah\.m2\repository\net\bytebuddy\byte-buddy-agent\1.15.11\byte-buddy-agent-1.15.11.jar)
WARNING: If a serviceability tool is in use, please run with -XX:+EnableDynamicAgentLoading to hide this warning
WARNING: If a serviceability tool is not in use, please run with -Djdk.instrument.traceUsage for more information
WARNING: Dynamic loading of agents will be disallowed by default in a future release
]]></system-err>
  </testcase>
</testsuite>